
                                      ARENA Simulation Results
                                                 123

                                  Summary for Replication 1 of 1

Project: Unnamed Project                                             Run execution date : 6/23/2024
Analyst: Rockwell Automation                                         Model revision date: 6/23/2024

Replication ended at time      : 48.0 Hours 
Base Time Units: Hours

                                           TALLY VARIABLES

Identifier                                  Average   Half Width  Minimum    Maximum   Observations
___________________________________________________________________________________________________

Entity 1.VATime                             .98467     (Insuf)    .96726     .99996        185    
Entity 1.NVATime                            .00000     (Insuf)    .00000     .00000        185    
Entity 1.WaitTime                           11.766     (Insuf)    .00000     24.648        185    
Entity 1.TranTime                           .00000     (Insuf)    .00000     .00000        185    
Entity 1.OtherTime                          .00000     (Insuf)    .00000     .00000        185    
Entity 1.TotalTime                          12.750     (Insuf)    .98470     25.620        185    
Mould.Queue.WaitingTime                     .04310     .02109     .00000     .44856        405    
Clean.Queue.WaitingTime                     .00000     (Insuf)    .00000     .00000        186    
Cut.Queue.WaitingTime                       .00000     (Insuf)    .00000     .00000        186    
Pouring.Queue.WaitingTime                   .00000     (Insuf)    .00000     .00000        186    
Assemble.Queue.WaitingTime                  .08411     .04232     .00000     .50556        403    
Blend.Queue.WaitingTime                     .14942     (Corr)     .00000     .59967        402    
Grout.Queue.WaitingTime                     11.736     (Insuf)    .00000     24.754        188    
Debubble.Queue.WaitingTime                  .00000     .00000     .00000     .00000        401    
Polish.Queue.WaitingTime                    .00000     (Insuf)    .00000     .00000        186    
Fitting.Queue.WaitingTime                   .00000     (Insuf)    .00000     .00000        187    

                                     DISCRETE-CHANGE VARIABLES

Identifier                                  Average   Half Width  Minimum    Maximum   Final Value
___________________________________________________________________________________________________

Entity 1.WIP                                110.59     (Corr)     .00000     221.00     221.00    
Resource 1.NumberBusy                       .56514     .06126     .00000     1.0000     1.0000    
Resource 1.NumberScheduled                  1.0000     (Insuf)    1.0000     1.0000     1.0000    
Resource 1.Utilization                      .56514     .06126     .00000     1.0000     1.0000    
Resource 2.NumberBusy                       .71287     (Insuf)    .00000     1.0000     1.0000    
Resource 2.NumberScheduled                  1.0000     (Insuf)    1.0000     1.0000     1.0000    
Resource 2.Utilization                      .71287     (Insuf)    .00000     1.0000     1.0000    
Resource 3.NumberBusy                       .81590     (Insuf)    .00000     1.0000     1.0000    
Resource 3.NumberScheduled                  1.0000     (Insuf)    1.0000     1.0000     1.0000    
Resource 3.Utilization                      .81590     (Insuf)    .00000     1.0000     1.0000    
Resource 4.NumberBusy                       .63960     .04852     .00000     1.0000     .00000    
Resource 4.NumberScheduled                  1.0000     (Insuf)    1.0000     1.0000     1.0000    
Resource 4.Utilization                      .63960     .04852     .00000     1.0000     .00000    
Resource 5.NumberBusy                       .99322     (Insuf)    .00000     1.0000     1.0000    
Resource 5.NumberScheduled                  1.0000     (Insuf)    1.0000     1.0000     1.0000    
Resource 5.Utilization                      .99322     (Insuf)    .00000     1.0000     1.0000    
Resource 6.NumberBusy                       .59803     (Corr)     .00000     1.0000     1.0000    
Resource 6.NumberScheduled                  1.0000     (Insuf)    1.0000     1.0000     1.0000    
Resource 6.Utilization                      .59803     (Corr)     .00000     1.0000     1.0000    
Resource 7.NumberBusy                       .13925     (Corr)     .00000     1.0000     .00000    
Resource 7.NumberScheduled                  1.0000     (Insuf)    1.0000     1.0000     1.0000    
Resource 7.Utilization                      .13925     (Corr)     .00000     1.0000     .00000    
Resource 8.NumberBusy                       .39477     (Corr)     .00000     1.0000     .00000    
Resource 8.NumberScheduled                  1.0000     (Insuf)    1.0000     1.0000     1.0000    
Resource 8.Utilization                      .39477     (Corr)     .00000     1.0000     .00000    
Resource 9.NumberBusy                       .23234     (Corr)     .00000     1.0000     .00000    
Resource 9.NumberScheduled                  1.0000     (Insuf)    1.0000     1.0000     1.0000    
Resource 9.Utilization                      .23234     (Corr)     .00000     1.0000     .00000    
Resource 10.NumberBusy                      .20783     (Corr)     .00000     1.0000     1.0000    
Resource 10.NumberScheduled                 1.0000     (Insuf)    1.0000     1.0000     1.0000    
Resource 10.Utilization                     .20783     (Corr)     .00000     1.0000     1.0000    
Mould.Queue.NumberInQueue                   .36571     .19820     .00000     7.0000     1.0000    
Clean.Queue.NumberInQueue                   .00000     (Insuf)    .00000     .00000     .00000    
Cut.Queue.NumberInQueue                     .00000     (Insuf)    .00000     .00000     .00000    
Pouring.Queue.NumberInQueue                 .00000     (Insuf)    .00000     .00000     .00000    
Assemble.Queue.NumberInQueue                .70693     .45411     .00000     6.0000     1.0000    
Blend.Queue.NumberInQueue                   1.2514     .67284     .00000     7.0000     .00000    
Grout.Queue.NumberInQueue                   102.97     (Corr)     .00000     214.00     213.00    
Debubble.Queue.NumberInQueue                .00000     (Insuf)    .00000     .00000     .00000    
Polish.Queue.NumberInQueue                  .00000     (Insuf)    .00000     .00000     .00000    
Fitting.Queue.NumberInQueue                 .00000     (Insuf)    .00000     .00000     .00000    

                                             OUTPUTS

Identifier                                   Value
_____________________________________________________________

Entity 1.NumberIn                           406.00    
Entity 1.NumberOut                          185.00    
Resource 1.NumberSeized                     405.00    
Resource 1.ScheduledUtilization             .56514    
Resource 2.NumberSeized                     403.00    
Resource 2.ScheduledUtilization             .71287    
Resource 3.NumberSeized                     402.00    
Resource 3.ScheduledUtilization             .81590    
Resource 4.NumberSeized                     401.00    
Resource 4.ScheduledUtilization             .63960    
Resource 5.NumberSeized                     188.00    
Resource 5.ScheduledUtilization             .99322    
Resource 6.NumberSeized                     187.00    
Resource 6.ScheduledUtilization             .59803    
Resource 7.NumberSeized                     186.00    
Resource 7.ScheduledUtilization             .13925    
Resource 8.NumberSeized                     186.00    
Resource 8.ScheduledUtilization             .39477    
Resource 9.NumberSeized                     186.00    
Resource 9.ScheduledUtilization             .23234    
Resource 10.NumberSeized                    186.00    
Resource 10.ScheduledUtilization            .20783    
System.NumberOut                            185.00    


Simulation run time: 0.00 minutes.
Simulation run complete.
