
                                      ARENA Simulation Results
                                                 123

                                  Summary for Replication 1 of 1

Project: Unnamed Project                                             Run execution date : 6/24/2024
Analyst: Rockwell Automation                                         Model revision date: 6/24/2024

Replication ended at time      : 32.0 Hours 
Base Time Units: Hours

                                           TALLY VARIABLES

Identifier                                  Average   Half Width  Minimum    Maximum   Observations
___________________________________________________________________________________________________

Entity 1.VATime                             .98596     (Insuf)    .97101     1.0040        122    
Entity 1.NVATime                            .00000     (Insuf)    .00000     .00000        122    
Entity 1.WaitTime                           7.6159     (Insuf)    .00000     13.960        122    
Entity 1.TranTime                           .00000     (Insuf)    .00000     .00000        122    
Entity 1.OtherTime                          .00000     (Insuf)    .00000     .00000        122    
Entity 1.TotalTime                          8.6019     (Insuf)    .98372     14.947        122    
Mould.Queue.WaitingTime                     .05416     (Insuf)    .00000     .41882        276    
Clean.Queue.WaitingTime                     .00000     (Insuf)    .00000     .00000        123    
Cut.Queue.WaitingTime                       .00000     (Insuf)    .00000     .00000        123    
Pouring.Queue.WaitingTime                   .00000     (Insuf)    .00000     .00000        123    
Assemble.Queue.WaitingTime                  .00000     (Insuf)    .00000     .00000        271    
Blend.Queue.WaitingTime                     .28133     (Insuf)    .00000     1.1679        272    
Grout.Queue.WaitingTime                     7.7043     (Insuf)    .00000     14.385        125    
Debubble.Queue.WaitingTime                  .00000     (Insuf)    .00000     .00000        270    
Polish.Queue.WaitingTime                    .00000     (Insuf)    .00000     .00000        123    
Fitting.Queue.WaitingTime                   .00000     (Insuf)    .00000     .00000        124    

                                     DISCRETE-CHANGE VARIABLES

Identifier                                  Average   Half Width  Minimum    Maximum   Final Value
___________________________________________________________________________________________________

Entity 1.WIP                                70.483     (Corr)     .00000     155.00     155.00    
Resource 1.NumberBusy                       .57864     (Insuf)    .00000     1.0000     1.0000    
Resource 1.NumberScheduled                  1.0000     (Insuf)    1.0000     1.0000     1.0000    
Resource 1.Utilization                      .57864     (Insuf)    .00000     1.0000     1.0000    
Resource 2.NumberBusy                       .71773     (Corr)     .00000     1.0000     1.0000    
Resource 2.NumberScheduled                  1.0000     (Insuf)    1.0000     1.0000     1.0000    
Resource 2.Utilization                      .71773     (Corr)     .00000     1.0000     1.0000    
Resource 3.NumberBusy                       .82443     (Insuf)    .00000     1.0000     1.0000    
Resource 3.NumberScheduled                  1.0000     (Insuf)    1.0000     1.0000     1.0000    
Resource 3.Utilization                      .82443     (Insuf)    .00000     1.0000     1.0000    
Resource 4.NumberBusy                       .64608     (Corr)     .00000     1.0000     1.0000    
Resource 4.NumberScheduled                  1.0000     (Insuf)    1.0000     1.0000     1.0000    
Resource 4.Utilization                      .64608     (Corr)     .00000     1.0000     1.0000    
Resource 5.NumberBusy                       .98980     (Insuf)    .00000     1.0000     1.0000    
Resource 5.NumberScheduled                  1.0000     (Insuf)    1.0000     1.0000     1.0000    
Resource 5.Utilization                      .98980     (Insuf)    .00000     1.0000     1.0000    
Resource 6.NumberBusy                       .59486     (Insuf)    .00000     1.0000     1.0000    
Resource 6.NumberScheduled                  1.0000     (Insuf)    1.0000     1.0000     1.0000    
Resource 6.Utilization                      .59486     (Insuf)    .00000     1.0000     1.0000    
Resource 7.NumberBusy                       .13801     (Insuf)    .00000     1.0000     .00000    
Resource 7.NumberScheduled                  1.0000     (Insuf)    1.0000     1.0000     1.0000    
Resource 7.Utilization                      .13801     (Insuf)    .00000     1.0000     .00000    
Resource 8.NumberBusy                       .39151     (Insuf)    .00000     1.0000     .00000    
Resource 8.NumberScheduled                  1.0000     (Insuf)    1.0000     1.0000     1.0000    
Resource 8.Utilization                      .39151     (Insuf)    .00000     1.0000     .00000    
Resource 9.NumberBusy                       .22962     (Insuf)    .00000     1.0000     .00000    
Resource 9.NumberScheduled                  1.0000     (Insuf)    1.0000     1.0000     1.0000    
Resource 9.Utilization                      .22962     (Insuf)    .00000     1.0000     .00000    
Resource 10.NumberBusy                      .20891     (Insuf)    .00000     1.0000     1.0000    
Resource 10.NumberScheduled                 1.0000     (Insuf)    1.0000     1.0000     1.0000    
Resource 10.Utilization                     .20891     (Insuf)    .00000     1.0000     1.0000    
Mould.Queue.NumberInQueue                   .46777     .28128     .00000     7.0000     1.0000    
Clean.Queue.NumberInQueue                   .00000     (Insuf)    .00000     .00000     .00000    
Cut.Queue.NumberInQueue                     .00000     (Insuf)    .00000     .00000     .00000    
Pouring.Queue.NumberInQueue                 .00000     (Insuf)    .00000     .00000     .00000    
Assemble.Queue.NumberInQueue                .00000     (Insuf)    .00000     .00000     .00000    
Blend.Queue.NumberInQueue                   2.4157     (Corr)     .00000     12.000     3.0000    
Grout.Queue.NumberInQueue                   62.280     (Corr)     .00000     144.00     144.00    
Debubble.Queue.NumberInQueue                .00000     (Insuf)    .00000     .00000     .00000    
Polish.Queue.NumberInQueue                  .00000     (Insuf)    .00000     .00000     .00000    
Fitting.Queue.NumberInQueue                 .00000     (Insuf)    .00000     .00000     .00000    

                                             OUTPUTS

Identifier                                   Value
_____________________________________________________________

Entity 1.NumberIn                           277.00    
Entity 1.NumberOut                          122.00    
Resource 1.NumberSeized                     276.00    
Resource 1.ScheduledUtilization             .57864    
Resource 2.NumberSeized                     271.00    
Resource 2.ScheduledUtilization             .71773    
Resource 3.NumberSeized                     272.00    
Resource 3.ScheduledUtilization             .82443    
Resource 4.NumberSeized                     270.00    
Resource 4.ScheduledUtilization             .64608    
Resource 5.NumberSeized                     125.00    
Resource 5.ScheduledUtilization             .98980    
Resource 6.NumberSeized                     124.00    
Resource 6.ScheduledUtilization             .59486    
Resource 7.NumberSeized                     123.00    
Resource 7.ScheduledUtilization             .13801    
Resource 8.NumberSeized                     123.00    
Resource 8.ScheduledUtilization             .39151    
Resource 9.NumberSeized                     123.00    
Resource 9.ScheduledUtilization             .22962    
Resource 10.NumberSeized                    123.00    
Resource 10.ScheduledUtilization            .20891    
System.NumberOut                            122.00    


Simulation run time: 0.00 minutes.
Simulation run complete.
